<?xml version="1.0" encoding="utf-8"?><testsuites name="pytest tests"><testsuite name="pytest" errors="0" failures="0" skipped="0" tests="9" time="1.606" timestamp="2026-05-23T11:49:31.261967+00:00" hostname="agent-env-1cc4e30f-7841-4ec1-8dfe-c4bebda657cb"><testcase classname="tests.test_backend_api_v5.TestV5Health" name="test_health_check" time="0.264" /><testcase classname="tests.test_backend_api_v5.TestV5SessionUpsert" name="test_session_upsert_duplicate_token" time="0.249" /><testcase classname="tests.test_backend_api_v5.TestV5ContactUs" name="test_contact_message_unauthorized" time="0.144" /><testcase classname="tests.test_backend_api_v5.TestV5ContactUs" name="test_contact_message_with_auth" time="0.237" /><testcase classname="tests.test_backend_api_v5.TestV5ExportCSV" name="test_export_csv_unauthorized" time="0.145" /><testcase classname="tests.test_backend_api_v5.TestV5ExportCSV" name="test_export_csv_non_v60_returns_403" time="0.175" /><testcase classname="tests.test_backend_api_v5.TestV5ExportCSV" name="test_export_csv_v60_returns_csv" time="0.119" /><testcase classname="tests.test_backend_api_v5.TestV5ExistingEndpoints" name="test_get_plans_still_works" time="0.098" /><testcase classname="tests.test_backend_api_v5.TestV5ExistingEndpoints" name="test_create_budget_still_works" time="0.108" /></testsuite></testsuites>