<?xml version="1.0" encoding="utf-8"?><testsuites name="pytest tests"><testsuite name="pytest" errors="0" failures="0" skipped="0" tests="14" time="2.674" timestamp="2026-05-23T09:24:28.027116+00:00" hostname="agent-env-1cc4e30f-7841-4ec1-8dfe-c4bebda657cb"><testcase classname="tests.test_backend_api_v3.TestHealth" name="test_health_check" time="0.158" /><testcase classname="tests.test_backend_api_v3.TestBudgetEdit" name="test_edit_budget_total_balance_adjusts_current_proportionally" time="0.237" /><testcase classname="tests.test_backend_api_v3.TestBudgetEdit" name="test_edit_budget_label" time="0.197" /><testcase classname="tests.test_backend_api_v3.TestBudgetEdit" name="test_edit_budget_refill_date" time="0.177" /><testcase classname="tests.test_backend_api_v3.TestBudgetEdit" name="test_edit_budget_not_found" time="0.138" /><testcase classname="tests.test_backend_api_v3.TestBulkDelete" name="test_bulk_delete_expenses_restores_balances" time="0.402" /><testcase classname="tests.test_backend_api_v3.TestBulkDelete" name="test_bulk_delete_empty_list" time="0.103" /><testcase classname="tests.test_backend_api_v3.TestAutoRefill" name="test_auto_refill_in_get_budgets" time="0.202" /><testcase classname="tests.test_backend_api_v3.TestAutoRefill" name="test_auto_refill_in_dashboard" time="0.200" /><testcase classname="tests.test_backend_api_v3.TestNotificationCheck" name="test_notification_check_needs_reminder_true" time="0.100" /><testcase classname="tests.test_backend_api_v3.TestNotificationCheck" name="test_notification_check_needs_reminder_false" time="0.141" /><testcase classname="tests.test_backend_api_v3.TestExistingEndpoints" name="test_create_budget_still_works" time="0.135" /><testcase classname="tests.test_backend_api_v3.TestExistingEndpoints" name="test_create_expense_still_works" time="0.212" /><testcase classname="tests.test_backend_api_v3.TestExistingEndpoints" name="test_get_streak_still_works" time="0.110" /></testsuite></testsuites>