<?xml version="1.0" encoding="utf-8"?><testsuites name="pytest tests"><testsuite name="pytest" errors="0" failures="0" skipped="0" tests="16" time="3.000" timestamp="2026-05-23T08:24:32.164820+00:00" hostname="agent-env-1cc4e30f-7841-4ec1-8dfe-c4bebda657cb"><testcase classname="tests.test_backend_api.TestHealth" name="test_health_check" time="0.174" /><testcase classname="tests.test_backend_api.TestAuth" name="test_auth_me_with_valid_token" time="0.107" /><testcase classname="tests.test_backend_api.TestAuth" name="test_auth_me_without_token" time="0.108" /><testcase classname="tests.test_backend_api.TestAuth" name="test_logout" time="0.134" /><testcase classname="tests.test_backend_api.TestBudgets" name="test_create_budget_and_verify" time="0.157" /><testcase classname="tests.test_backend_api.TestBudgets" name="test_get_budget_without_auth" time="0.109" /><testcase classname="tests.test_backend_api.TestBudgets" name="test_create_multiple_budgets_deactivates_old" time="0.202" /><testcase classname="tests.test_backend_api.TestExpenses" name="test_create_expense_and_verify" time="0.246" /><testcase classname="tests.test_backend_api.TestExpenses" name="test_delete_expense_restores_balance" time="0.328" /><testcase classname="tests.test_backend_api.TestExpenses" name="test_get_expenses_without_auth" time="0.105" /><testcase classname="tests.test_backend_api.TestDashboard" name="test_dashboard_calculation" time="0.248" /><testcase classname="tests.test_backend_api.TestDashboard" name="test_health_status_aman" time="0.208" /><testcase classname="tests.test_backend_api.TestDashboard" name="test_health_status_agak_panas" time="0.211" /><testcase classname="tests.test_backend_api.TestDashboard" name="test_health_status_rem_dikit" time="0.190" /><testcase classname="tests.test_backend_api.TestDashboard" name="test_health_status_boncos" time="0.209" /><testcase classname="tests.test_backend_api.TestDashboard" name="test_dashboard_without_auth" time="0.103" /></testsuite></testsuites>