<?xml version="1.0" encoding="utf-8"?><testsuites name="pytest tests"><testsuite name="pytest" errors="0" failures="0" skipped="0" tests="10" time="2.404" timestamp="2026-05-23T08:50:40.851343+00:00" hostname="agent-env-1cc4e30f-7841-4ec1-8dfe-c4bebda657cb"><testcase classname="tests.test_backend_api_v2.TestHealth" name="test_health_check" time="0.239" /><testcase classname="tests.test_backend_api_v2.TestBudgetsMultiPot" name="test_create_multiple_budgets_all_active" time="0.262" /><testcase classname="tests.test_backend_api_v2.TestBudgetsMultiPot" name="test_delete_budget_endpoint" time="0.244" /><testcase classname="tests.test_backend_api_v2.TestExpensesWithBudgetFilter" name="test_create_expense_records_daily_checkin" time="0.153" /><testcase classname="tests.test_backend_api_v2.TestExpensesWithBudgetFilter" name="test_get_expenses_with_budget_filter" time="0.495" /><testcase classname="tests.test_backend_api_v2.TestExpensesWithBudgetFilter" name="test_delete_expense_restores_balance" time="0.226" /><testcase classname="tests.test_backend_api_v2.TestDashboardWithBudgetParam" name="test_dashboard_with_budget_id_param" time="0.300" /><testcase classname="tests.test_backend_api_v2.TestStreak" name="test_streak_endpoint_structure" time="0.101" /><testcase classname="tests.test_backend_api_v2.TestStreak" name="test_streak_calculation_with_checkins" time="0.145" /><testcase classname="tests.test_backend_api_v2.TestStreak" name="test_streak_breaks_with_gap" time="0.102" /></testsuite></testsuites>