<?xml version="1.0" encoding="utf-8"?><testsuites name="pytest tests"><testsuite name="pytest" errors="0" failures="0" skipped="0" tests="19" time="4.028" timestamp="2026-05-23T10:42:37.902322+00:00" hostname="agent-env-1cc4e30f-7841-4ec1-8dfe-c4bebda657cb"><testcase classname="tests.test_backend_api_v4.TestHealth" name="test_health_check" time="0.280" /><testcase classname="tests.test_backend_api_v4.TestSubscriptionPlans" name="test_get_plans_returns_4_plans" time="0.097" /><testcase classname="tests.test_backend_api_v4.TestSubscribe" name="test_subscribe_changes_user_plan_and_sets_badge" time="0.155" /><testcase classname="tests.test_backend_api_v4.TestSubscribe" name="test_subscribe_to_v60_unlimited" time="0.145" /><testcase classname="tests.test_backend_api_v4.TestSubscribe" name="test_subscribe_invalid_plan_returns_400" time="0.132" /><testcase classname="tests.test_backend_api_v4.TestBudgetLocking" name="test_get_budgets_returns_is_locked_field" time="0.257" /><testcase classname="tests.test_backend_api_v4.TestBudgetLocking" name="test_budget_locking_oldest_stay_active_newest_locked" time="0.258" /><testcase classname="tests.test_backend_api_v4.TestBudgetLocking" name="test_create_budget_enforces_plan_limit" time="0.258" /><testcase classname="tests.test_backend_api_v4.TestBudgetLocking" name="test_patch_locked_budget_returns_403" time="0.219" /><testcase classname="tests.test_backend_api_v4.TestBudgetLocking" name="test_create_expense_on_locked_budget_returns_403" time="0.191" /><testcase classname="tests.test_backend_api_v4.TestBudgetLocking" name="test_v60_unlimited_plan_no_locking" time="0.390" /><testcase classname="tests.test_backend_api_v4.TestBudgetSharing" name="test_share_budget_with_email" time="0.170" /><testcase classname="tests.test_backend_api_v4.TestBudgetSharing" name="test_get_shared_users" time="0.260" /><testcase classname="tests.test_backend_api_v4.TestBudgetSharing" name="test_unshare_budget" time="0.202" /><testcase classname="tests.test_backend_api_v4.TestBudgetSharing" name="test_get_budgets_includes_shared_budgets" time="0.204" /><testcase classname="tests.test_backend_api_v4.TestBudgetSharing" name="test_cannot_share_with_self" time="0.158" /><testcase classname="tests.test_backend_api_v4.TestBudgetSharing" name="test_shared_budget_expense_creation" time="0.257" /><testcase classname="tests.test_backend_api_v4.TestExistingEndpointsV4" name="test_create_budget_still_works" time="0.137" /><testcase classname="tests.test_backend_api_v4.TestExistingEndpointsV4" name="test_get_streak_still_works" time="0.106" /></testsuite></testsuites>